<?xml version="1.0" encoding="UTF-8"?>
<testng-results ignored="0" total="1" passed="1" failed="0" skipped="0">
  <reporter-output>
  </reporter-output>
  <suite started-at="2025-04-03T12:17:45 IST" name="Default suite" finished-at="2025-04-03T12:17:55 IST" duration-ms="9923">
    <groups>
      <group name="cucumber">
        <method signature="AbstractTestNGCucumberTests.runScenario(io.cucumber.testng.PickleWrapper,io.cucumber.testng.FeatureWrapper)[pri:0, instance:RunnerFile.RunnerDataTable@672872e1]" name="runScenario" class="io.cucumber.testng.AbstractTestNGCucumberTests"/>
      </group> <!-- cucumber -->
    </groups>
    <test started-at="2025-04-03T12:17:45 IST" name="Default test" finished-at="2025-04-03T12:17:55 IST" duration-ms="9923">
      <class name="RunnerFile.RunnerDataTable">
        <test-method is-config="true" signature="setUpClass(org.testng.ITestContext)[pri:0, instance:RunnerFile.RunnerDataTable@672872e1]" started-at="2025-04-03T12:17:45 IST" name="setUpClass" finished-at="2025-04-03T12:17:45 IST" duration-ms="168" status="PASS">
          <params>
            <param index="0">
              <value>
                <![CDATA[org.testng.TestRunner@573284a5]]>
              </value>
            </param>
          </params>
          <reporter-output>
          </reporter-output>
        </test-method> <!-- setUpClass -->
        <test-method signature="runScenario(io.cucumber.testng.PickleWrapper,io.cucumber.testng.FeatureWrapper)[pri:0, instance:RunnerFile.RunnerDataTable@672872e1]" started-at="2025-04-03T12:17:45 IST" name="runScenario" description="Runs Cucumber Scenarios" data-provider="scenarios" finished-at="2025-04-03T12:17:55 IST" duration-ms="9416" status="PASS">
          <params>
            <param index="0">
              <value>
                <![CDATA["Login with valid credentials - Data Table without Header."]]>
              </value>
            </param>
            <param index="1">
              <value>
                <![CDATA["Login to HRM application"]]>
              </value>
            </param>
          </params>
          <reporter-output>
          </reporter-output>
        </test-method> <!-- runScenario -->
        <test-method is-config="true" signature="tearDownClass()[pri:0, instance:RunnerFile.RunnerDataTable@672872e1]" started-at="2025-04-03T12:17:55 IST" name="tearDownClass" finished-at="2025-04-03T12:17:55 IST" duration-ms="294" status="PASS">
          <reporter-output>
          </reporter-output>
        </test-method> <!-- tearDownClass -->
      </class> <!-- RunnerFile.RunnerDataTable -->
    </test> <!-- Default test -->
  </suite> <!-- Default suite -->
</testng-results>
